<?xml version="1.0" encoding="UTF-8"?>
<!-- Generated by org.testng.reporters.JUnitXMLReporter -->
<testsuite ignored="0" hostname="ABIPC" failures="1" tests="2" name="ListenerTest" time="29.529" errors="0" timestamp="2023-01-09T09:20:00 IST">
  <testcase classname="reportsTest.BasicTest" name="StudentLogin" time="6.187">
    <failure type="java.lang.AssertionError" message="expected [Logged In Successfully | Practice Test Automation] but found [Logged In Successfully ]">
      <![CDATA[java.lang.AssertionError: expected [Logged In Successfully | Practice Test Automation] but found [Logged In Successfully ]
at reportsTest.BasicTest.StudentLogin(BasicTest.java:49)
at java.base/java.util.ArrayList.forEach(ArrayList.java:1511)
... Removed 31 stack frames]]>
    </failure>
  </testcase> <!-- StudentLogin -->
  <testcase classname="reportsTest.BasicTest" name="orangehrm" time="18.162"/>
</testsuite> <!-- ListenerTest -->
