<?xml version="1.0" encoding="UTF-8"?>
<!-- Generated by org.testng.reporters.JUnitXMLReporter -->
<testsuite ignored="1" hostname="ABIPC" failures="0" tests="2" name="Test" time="41.778" errors="0" timestamp="2023-01-09T08:54:11 IST">
  <testcase classname="seperate.Parameter" name="setUrl" time="2.936"/>
  <testcase classname="seperate.Parameter" name="input" time="6.895"/>
  <testcase classname="seperate.Parameter" name="disable" time="0.0">
    <ignored/>
  </testcase> <!-- disable -->
</testsuite> <!-- Test -->
