<?xml version="1.0" encoding="UTF-8"?>
<!-- Generated by org.testng.reporters.JUnitXMLReporter -->
<testsuite ignored="0" hostname="ABIPC" failures="0" tests="4" name="Test2" time="29.003" errors="0" timestamp="2023-01-09T09:01:52 IST">
  <testcase classname="seperate.Invocation" name="getData" time="16.976"/>
  <testcase classname="seperate.Invocation" name="getData" time="17.071"/>
  <testcase classname="seperate.Invocation" name="getData" time="11.542"/>
  <testcase classname="seperate.Invocation" name="getData" time="11.92"/>
</testsuite> <!-- Test2 -->
