<?xml version="1.0" encoding="UTF-8"?>
<testng-results ignored="0" total="1" passed="1" failed="0" skipped="0">
  <reporter-output>
    <line>
      <![CDATA[=====Browser Session Started=====]]>
    </line>
    <line>
      <![CDATA[=====Application Started=====]]>
    </line>
    <line>
      <![CDATA[=====Browser Session End=====]]>
    </line>
  </reporter-output>
  <suite started-at="2022-11-09T17:32:21 IST" name="Default suite" finished-at="2022-11-09T17:32:27 IST" duration-ms="6078">
    <groups>
    </groups>
    <test started-at="2022-11-09T17:32:21 IST" name="Default test" finished-at="2022-11-09T17:32:27 IST" duration-ms="6078">
      <class name="actionsClass.Size">
        <test-method is-config="true" signature="startApplication()[pri:0, instance:actionsClass.Size@498d318c]" started-at="2022-11-09T17:32:21 IST" name="startApplication" finished-at="2022-11-09T17:32:26 IST" duration-ms="5122" status="PASS">
          <reporter-output>
            <line>
              <![CDATA[=====Browser Session Started=====]]>
            </line>
            <line>
              <![CDATA[=====Application Started=====]]>
            </line>
          </reporter-output>
        </test-method> <!-- startApplication -->
        <test-method signature="Resize()[pri:0, instance:actionsClass.Size@498d318c]" started-at="2022-11-09T17:32:26 IST" name="Resize" finished-at="2022-11-09T17:32:27 IST" duration-ms="673" status="PASS">
          <reporter-output>
          </reporter-output>
        </test-method> <!-- Resize -->
        <test-method is-config="true" signature="closeApplication()[pri:0, instance:actionsClass.Size@498d318c]" started-at="2022-11-09T17:32:27 IST" name="closeApplication" finished-at="2022-11-09T17:32:27 IST" duration-ms="238" status="PASS">
          <reporter-output>
            <line>
              <![CDATA[=====Browser Session End=====]]>
            </line>
          </reporter-output>
        </test-method> <!-- closeApplication -->
      </class> <!-- actionsClass.Size -->
    </test> <!-- Default test -->
  </suite> <!-- Default suite -->
</testng-results>
