<?xml version="1.0" encoding="UTF-8"?>
<!-- Generated by org.testng.reporters.JUnitXMLReporter -->
<testsuite ignored="0" hostname="ABIPC" failures="0" tests="3" name="Default test" time="19.355" errors="0" timestamp="2023-01-09T09:12:41 IST">
  <testcase classname="seperate.JSExecutor" name="highlightElement" time="1.434"/>
  <testcase classname="seperate.JSExecutor" name="sendText" time="0.064"/>
  <testcase classname="seperate.JSExecutor" name="Click" time="0.021"/>
</testsuite> <!-- Default test -->
